<?xml version="1.0" encoding="UTF-8"?>
<coverage generated="1765030211438" clover="3.2.0">
  <project timestamp="1765030211438" name="All files">
    <metrics statements="35" coveredstatements="25" conditionals="20" coveredconditionals="11" methods="4" coveredmethods="2" elements="59" coveredelements="38" complexity="0" loc="35" ncloc="35" packages="2" files="2" classes="2"/>
    <package name="lib">
      <metrics statements="12" coveredstatements="5" conditionals="4" coveredconditionals="0" methods="2" coveredmethods="1"/>
      <file name="auth.js" path="C:\Users\marsh\js-projects\Node.Js_Lab\src\lib\auth.js">
        <metrics statements="12" coveredstatements="5" conditionals="4" coveredconditionals="0" methods="2" coveredmethods="1"/>
        <line num="1" count="1" type="stmt"/>
        <line num="2" count="1" type="stmt"/>
        <line num="4" count="1" type="stmt"/>
        <line num="6" count="1" type="stmt"/>
        <line num="7" count="1" type="stmt"/>
        <line num="10" count="0" type="stmt"/>
        <line num="11" count="0" type="cond" truecount="0" falsecount="2"/>
        <line num="12" count="0" type="stmt"/>
        <line num="13" count="0" type="cond" truecount="0" falsecount="2"/>
        <line num="15" count="0" type="stmt"/>
        <line num="16" count="0" type="stmt"/>
        <line num="18" count="0" type="stmt"/>
      </file>
    </package>
    <package name="pages.api.cart">
      <metrics statements="23" coveredstatements="20" conditionals="16" coveredconditionals="11" methods="2" coveredmethods="1"/>
      <file name="addItem.js" path="C:\Users\marsh\js-projects\Node.Js_Lab\src\pages\api\cart\addItem.js">
        <metrics statements="23" coveredstatements="20" conditionals="16" coveredconditionals="11" methods="2" coveredmethods="1"/>
        <line num="1" count="1" type="stmt"/>
        <line num="2" count="1" type="stmt"/>
        <line num="3" count="1" type="stmt"/>
        <line num="5" count="2" type="stmt"/>
        <line num="6" count="2" type="cond" truecount="1" falsecount="1"/>
        <line num="8" count="2" type="stmt"/>
        <line num="10" count="2" type="stmt"/>
        <line num="11" count="2" type="cond" truecount="1" falsecount="1"/>
        <line num="13" count="2" type="stmt"/>
        <line num="14" count="2" type="cond" truecount="4" falsecount="0"/>
        <line num="15" count="1" type="stmt"/>
        <line num="18" count="1" type="stmt"/>
        <line num="19" count="1" type="cond" truecount="1" falsecount="1"/>
        <line num="21" count="1" type="stmt"/>
        <line num="22" count="1" type="cond" truecount="3" falsecount="1"/>
        <line num="23" count="0" type="stmt"/>
        <line num="26" count="1" type="stmt"/>
        <line num="27" count="0" type="stmt"/>
        <line num="30" count="1" type="cond" truecount="1" falsecount="1"/>
        <line num="31" count="0" type="stmt"/>
        <line num="33" count="1" type="stmt"/>
        <line num="36" count="1" type="stmt"/>
        <line num="38" count="1" type="stmt"/>
      </file>
    </package>
  </project>
</coverage>
