{"C:\\Users\\marsh\\js-projects\\Node.Js_Lab\\src\\lib\\auth.js": {"path":"C:\\Users\\marsh\\js-projects\\Node.Js_Lab\\src\\lib\\auth.js","statementMap":{"0":{"start":{"line":10,"column":16},"end":{"line":10,"column":34}},"1":{"start":{"line":6,"column":16},"end":{"line":6,"column":25}},"2":{"start":{"line":1,"column":16},"end":{"line":1,"column":null}},"3":{"start":{"line":2,"column":24},"end":{"line":2,"column":null}},"4":{"start":{"line":4,"column":15},"end":{"line":4,"column":37}},"5":{"start":{"line":7,"column":2},"end":{"line":7,"column":null}},"6":{"start":{"line":11,"column":18},"end":{"line":11,"column":null}},"7":{"start":{"line":12,"column":16},"end":{"line":12,"column":29}},"8":{"start":{"line":13,"column":2},"end":{"line":13,"column":null}},"9":{"start":{"line":13,"column":14},"end":{"line":13,"column":null}},"10":{"start":{"line":15,"column":2},"end":{"line":19,"column":null}},"11":{"start":{"line":16,"column":4},"end":{"line":16,"column":null}},"12":{"start":{"line":18,"column":4},"end":{"line":18,"column":null}}},"fnMap":{"0":{"name":"signToken","decl":{"start":{"line":6,"column":16},"end":{"line":6,"column":25}},"loc":{"start":{"line":6,"column":33},"end":{"line":8,"column":null}}},"1":{"name":"getUserFromRequest","decl":{"start":{"line":10,"column":16},"end":{"line":10,"column":34}},"loc":{"start":{"line":10,"column":38},"end":{"line":20,"column":null}}}},"branchMap":{"0":{"loc":{"start":{"line":11,"column":31},"end":{"line":11,"column":null}},"type":"binary-expr","locations":[{"start":{"line":11,"column":31},"end":{"line":11,"column":49}},{"start":{"line":11,"column":53},"end":{"line":11,"column":null}}]},"1":{"loc":{"start":{"line":13,"column":2},"end":{"line":13,"column":null}},"type":"if","locations":[{"start":{"line":13,"column":2},"end":{"line":13,"column":null}},{"start":{},"end":{}}]}},"s":{"0":0,"1":1,"2":1,"3":1,"4":1,"5":1,"6":0,"7":0,"8":0,"9":0,"10":0,"11":0,"12":0},"f":{"0":1,"1":0},"b":{"0":[0,0],"1":[0,0]}}
,"C:\\Users\\marsh\\js-projects\\Node.Js_Lab\\src\\pages\\api\\cart\\addItem.js": {"path":"C:\\Users\\marsh\\js-projects\\Node.Js_Lab\\src\\pages\\api\\cart\\addItem.js","statementMap":{"0":{"start":{"line":5,"column":30},"end":{"line":5,"column":38}},"1":{"start":{"line":1,"column":22},"end":{"line":1,"column":null}},"2":{"start":{"line":2,"column":17},"end":{"line":2,"column":null}},"3":{"start":{"line":3,"column":35},"end":{"line":3,"column":null}},"4":{"start":{"line":6,"column":2},"end":{"line":6,"column":null}},"5":{"start":{"line":6,"column":29},"end":{"line":6,"column":null}},"6":{"start":{"line":8,"column":2},"end":{"line":8,"column":null}},"7":{"start":{"line":10,"column":19},"end":{"line":10,"column":null}},"8":{"start":{"line":11,"column":2},"end":{"line":11,"column":null}},"9":{"start":{"line":11,"column":17},"end":{"line":11,"column":null}},"10":{"start":{"line":13,"column":34},"end":{"line":13,"column":42}},"11":{"start":{"line":14,"column":2},"end":{"line":16,"column":null}},"12":{"start":{"line":15,"column":4},"end":{"line":15,"column":null}},"13":{"start":{"line":18,"column":15},"end":{"line":18,"column":null}},"14":{"start":{"line":19,"column":2},"end":{"line":19,"column":null}},"15":{"start":{"line":19,"column":13},"end":{"line":19,"column":null}},"16":{"start":{"line":21,"column":22},"end":{"line":21,"column":null}},"17":{"start":{"line":22,"column":2},"end":{"line":24,"column":null}},"18":{"start":{"line":23,"column":4},"end":{"line":23,"column":null}},"19":{"start":{"line":26,"column":28},"end":{"line":27,"column":null}},"20":{"start":{"line":27,"column":12},"end":{"line":27,"column":null}},"21":{"start":{"line":30,"column":2},"end":{"line":34,"column":null}},"22":{"start":{"line":31,"column":4},"end":{"line":31,"column":null}},"23":{"start":{"line":33,"column":4},"end":{"line":33,"column":null}},"24":{"start":{"line":36,"column":2},"end":{"line":36,"column":null}},"25":{"start":{"line":38,"column":2},"end":{"line":38,"column":null}}},"fnMap":{"0":{"name":"handler","decl":{"start":{"line":5,"column":30},"end":{"line":5,"column":38}},"loc":{"start":{"line":5,"column":46},"end":{"line":39,"column":null}}},"1":{"name":"(anonymous_3)","decl":{"start":{"line":27,"column":4},"end":{"line":27,"column":12}},"loc":{"start":{"line":27,"column":12},"end":{"line":27,"column":null}}}},"branchMap":{"0":{"loc":{"start":{"line":6,"column":2},"end":{"line":6,"column":null}},"type":"if","locations":[{"start":{"line":6,"column":2},"end":{"line":6,"column":null}},{"start":{},"end":{}}]},"1":{"loc":{"start":{"line":11,"column":2},"end":{"line":11,"column":null}},"type":"if","locations":[{"start":{"line":11,"column":2},"end":{"line":11,"column":null}},{"start":{},"end":{}}]},"2":{"loc":{"start":{"line":14,"column":2},"end":{"line":16,"column":null}},"type":"if","locations":[{"start":{"line":14,"column":2},"end":{"line":16,"column":null}},{"start":{},"end":{}}]},"3":{"loc":{"start":{"line":14,"column":6},"end":{"line":14,"column":53}},"type":"binary-expr","locations":[{"start":{"line":14,"column":6},"end":{"line":14,"column":20}},{"start":{"line":14,"column":20},"end":{"line":14,"column":53}}]},"4":{"loc":{"start":{"line":19,"column":2},"end":{"line":19,"column":null}},"type":"if","locations":[{"start":{"line":19,"column":2},"end":{"line":19,"column":null}},{"start":{},"end":{}}]},"5":{"loc":{"start":{"line":22,"column":2},"end":{"line":24,"column":null}},"type":"if","locations":[{"start":{"line":22,"column":2},"end":{"line":24,"column":null}},{"start":{},"end":{}}]},"6":{"loc":{"start":{"line":22,"column":6},"end":{"line":22,"column":46}},"type":"binary-expr","locations":[{"start":{"line":22,"column":6},"end":{"line":22,"column":28}},{"start":{"line":22,"column":28},"end":{"line":22,"column":46}}]},"7":{"loc":{"start":{"line":30,"column":2},"end":{"line":34,"column":null}},"type":"if","locations":[{"start":{"line":30,"column":2},"end":{"line":34,"column":null}},{"start":{"line":32,"column":9},"end":{"line":34,"column":null}}]}},"s":{"0":2,"1":1,"2":1,"3":1,"4":2,"5":0,"6":2,"7":2,"8":2,"9":0,"10":2,"11":2,"12":1,"13":1,"14":1,"15":0,"16":1,"17":1,"18":0,"19":1,"20":0,"21":1,"22":0,"23":1,"24":1,"25":1},"f":{"0":2,"1":0},"b":{"0":[0,2],"1":[0,2],"2":[1,1],"3":[2,1],"4":[0,1],"5":[0,1],"6":[1,1],"7":[0,1]}}
}
