TN:
SF:src\lib\auth.js
FN:6,signToken
FN:10,getUserFromRequest
FNF:2
FNH:1
FNDA:1,signToken
FNDA:0,getUserFromRequest
DA:1,1
DA:2,1
DA:4,1
DA:6,1
DA:7,1
DA:10,0
DA:11,0
DA:12,0
DA:13,0
DA:15,0
DA:16,0
DA:18,0
LF:12
LH:5
BRDA:11,0,0,0
BRDA:11,0,1,0
BRDA:13,1,0,0
BRDA:13,1,1,0
BRF:4
BRH:0
end_of_record
TN:
SF:src\pages\api\cart\addItem.js
FN:5,handler
FN:27,(anonymous_3)
FNF:2
FNH:1
FNDA:2,handler
FNDA:0,(anonymous_3)
DA:1,1
DA:2,1
DA:3,1
DA:5,2
DA:6,2
DA:8,2
DA:10,2
DA:11,2
DA:13,2
DA:14,2
DA:15,1
DA:18,1
DA:19,1
DA:21,1
DA:22,1
DA:23,0
DA:26,1
DA:27,0
DA:30,1
DA:31,0
DA:33,1
DA:36,1
DA:38,1
LF:23
LH:20
BRDA:6,0,0,0
BRDA:6,0,1,2
BRDA:11,1,0,0
BRDA:11,1,1,2
BRDA:14,2,0,1
BRDA:14,2,1,1
BRDA:14,3,0,2
BRDA:14,3,1,1
BRDA:19,4,0,0
BRDA:19,4,1,1
BRDA:22,5,0,0
BRDA:22,5,1,1
BRDA:22,6,0,1
BRDA:22,6,1,1
BRDA:30,7,0,0
BRDA:30,7,1,1
BRF:16
BRH:11
end_of_record
